mode: set
github.com/cole/secure-messenger-server/internal/http/auth_handlers.go:17.60,23.17 3 0
github.com/cole/secure-messenger-server/internal/http/auth_handlers.go:23.17,25.3 1 0
github.com/cole/secure-messenger-server/internal/http/auth_handlers.go:44.87,45.54 1 0
github.com/cole/secure-messenger-server/internal/http/auth_handlers.go:45.54,49.62 3 0
github.com/cole/secure-messenger-server/internal/http/auth_handlers.go:49.62,53.4 3 0
github.com/cole/secure-messenger-server/internal/http/auth_handlers.go:55.3,56.47 2 0
github.com/cole/secure-messenger-server/internal/http/auth_handlers.go:56.47,60.4 3 0
github.com/cole/secure-messenger-server/internal/http/auth_handlers.go:63.3,63.27 1 0
github.com/cole/secure-messenger-server/internal/http/auth_handlers.go:63.27,66.4 2 0
github.com/cole/secure-messenger-server/internal/http/auth_handlers.go:67.3,67.83 1 0
github.com/cole/secure-messenger-server/internal/http/auth_handlers.go:67.83,70.4 2 0
github.com/cole/secure-messenger-server/internal/http/auth_handlers.go:72.3,75.17 3 0
github.com/cole/secure-messenger-server/internal/http/auth_handlers.go:75.17,79.4 3 0
github.com/cole/secure-messenger-server/internal/http/auth_handlers.go:81.3,82.17 2 0
github.com/cole/secure-messenger-server/internal/http/auth_handlers.go:82.17,86.4 3 0
github.com/cole/secure-messenger-server/internal/http/auth_handlers.go:88.3,89.17 2 0
github.com/cole/secure-messenger-server/internal/http/auth_handlers.go:89.17,93.4 3 0
github.com/cole/secure-messenger-server/internal/http/auth_handlers.go:95.3,102.57 3 0
github.com/cole/secure-messenger-server/internal/http/auth_handlers.go:102.57,104.4 1 0
github.com/cole/secure-messenger-server/internal/http/auth_handlers.go:123.109,124.54 1 0
github.com/cole/secure-messenger-server/internal/http/auth_handlers.go:124.54,126.62 2 0
github.com/cole/secure-messenger-server/internal/http/auth_handlers.go:126.62,129.4 2 0
github.com/cole/secure-messenger-server/internal/http/auth_handlers.go:131.3,132.47 2 0
github.com/cole/secure-messenger-server/internal/http/auth_handlers.go:132.47,135.4 2 0
github.com/cole/secure-messenger-server/internal/http/auth_handlers.go:138.3,138.54 1 0
github.com/cole/secure-messenger-server/internal/http/auth_handlers.go:138.54,141.4 2 0
github.com/cole/secure-messenger-server/internal/http/auth_handlers.go:143.3,144.32 2 0
github.com/cole/secure-messenger-server/internal/http/auth_handlers.go:144.32,147.4 2 0
github.com/cole/secure-messenger-server/internal/http/auth_handlers.go:149.3,149.104 1 0
github.com/cole/secure-messenger-server/internal/http/auth_handlers.go:149.104,152.4 2 0
github.com/cole/secure-messenger-server/internal/http/auth_handlers.go:154.3,155.17 2 0
github.com/cole/secure-messenger-server/internal/http/auth_handlers.go:155.17,158.4 2 0
github.com/cole/secure-messenger-server/internal/http/auth_handlers.go:160.3,162.38 3 0
github.com/cole/secure-messenger-server/internal/http/auth_handlers.go:175.68,176.54 1 0
github.com/cole/secure-messenger-server/internal/http/auth_handlers.go:176.54,178.17 2 0
github.com/cole/secure-messenger-server/internal/http/auth_handlers.go:178.17,182.4 3 0
github.com/cole/secure-messenger-server/internal/http/auth_handlers.go:184.3,185.27 2 0
github.com/cole/secure-messenger-server/internal/http/auth_handlers.go:185.27,190.4 1 0
github.com/cole/secure-messenger-server/internal/http/auth_handlers.go:192.3,193.57 2 0
github.com/cole/secure-messenger-server/internal/http/auth_handlers.go:193.57,195.4 1 0
github.com/cole/secure-messenger-server/internal/http/body_limit_middleware.go:5.60,6.46 1 0
github.com/cole/secure-messenger-server/internal/http/body_limit_middleware.go:6.46,7.72 1 0
github.com/cole/secure-messenger-server/internal/http/body_limit_middleware.go:7.72,10.4 2 0
github.com/cole/secure-messenger-server/internal/http/client_ip.go:9.39,12.55 1 1
github.com/cole/secure-messenger-server/internal/http/client_ip.go:12.55,14.21 2 0
github.com/cole/secure-messenger-server/internal/http/client_ip.go:14.21,16.16 2 0
github.com/cole/secure-messenger-server/internal/http/client_ip.go:16.16,18.5 1 0
github.com/cole/secure-messenger-server/internal/http/client_ip.go:21.2,21.51 1 1
github.com/cole/secure-messenger-server/internal/http/client_ip.go:21.51,23.3 1 0
github.com/cole/secure-messenger-server/internal/http/client_ip.go:25.2,26.30 2 1
github.com/cole/secure-messenger-server/internal/http/client_ip.go:26.30,28.3 1 1
github.com/cole/secure-messenger-server/internal/http/client_ip.go:29.2,29.21 1 0
github.com/cole/secure-messenger-server/internal/http/health_handlers.go:9.58,13.2 3 0
github.com/cole/secure-messenger-server/internal/http/health_handlers.go:15.64,16.54 1 0
github.com/cole/secure-messenger-server/internal/http/health_handlers.go:16.54,17.53 1 0
github.com/cole/secure-messenger-server/internal/http/health_handlers.go:17.53,22.4 4 0
github.com/cole/secure-messenger-server/internal/http/health_handlers.go:23.3,25.47 3 0
github.com/cole/secure-messenger-server/internal/http/jwt.go:25.47,26.18 1 1
github.com/cole/secure-messenger-server/internal/http/jwt.go:26.18,28.3 1 0
github.com/cole/secure-messenger-server/internal/http/jwt.go:29.2,32.3 1 1
github.com/cole/secure-messenger-server/internal/http/jwt.go:35.65,50.2 4 1
github.com/cole/secure-messenger-server/internal/http/jwt.go:52.62,53.97 1 1
github.com/cole/secure-messenger-server/internal/http/jwt.go:53.97,54.54 1 1
github.com/cole/secure-messenger-server/internal/http/jwt.go:54.54,56.4 1 1
github.com/cole/secure-messenger-server/internal/http/jwt.go:57.3,57.23 1 1
github.com/cole/secure-messenger-server/internal/http/jwt.go:59.2,59.16 1 1
github.com/cole/secure-messenger-server/internal/http/jwt.go:59.16,61.3 1 1
github.com/cole/secure-messenger-server/internal/http/jwt.go:63.2,64.25 2 1
github.com/cole/secure-messenger-server/internal/http/jwt.go:64.25,66.3 1 0
github.com/cole/secure-messenger-server/internal/http/jwt.go:67.2,67.20 1 1
github.com/cole/secure-messenger-server/internal/http/key_handlers.go:16.68,17.54 1 0
github.com/cole/secure-messenger-server/internal/http/key_handlers.go:17.54,19.18 2 0
github.com/cole/secure-messenger-server/internal/http/key_handlers.go:19.18,22.4 2 0
github.com/cole/secure-messenger-server/internal/http/key_handlers.go:24.3,25.62 2 0
github.com/cole/secure-messenger-server/internal/http/key_handlers.go:25.62,28.4 2 0
github.com/cole/secure-messenger-server/internal/http/key_handlers.go:29.3,29.26 1 0
github.com/cole/secure-messenger-server/internal/http/key_handlers.go:29.26,32.4 2 0
github.com/cole/secure-messenger-server/internal/http/key_handlers.go:33.3,33.58 1 0
github.com/cole/secure-messenger-server/internal/http/key_handlers.go:33.58,36.4 2 0
github.com/cole/secure-messenger-server/internal/http/key_handlers.go:38.3,38.72 1 0
github.com/cole/secure-messenger-server/internal/http/key_handlers.go:38.72,41.4 2 0
github.com/cole/secure-messenger-server/internal/http/key_handlers.go:43.3,43.38 1 0
github.com/cole/secure-messenger-server/internal/http/key_handlers.go:52.65,53.54 1 0
github.com/cole/secure-messenger-server/internal/http/key_handlers.go:53.54,56.21 3 0
github.com/cole/secure-messenger-server/internal/http/key_handlers.go:56.21,59.4 2 0
github.com/cole/secure-messenger-server/internal/http/key_handlers.go:61.3,62.30 2 0
github.com/cole/secure-messenger-server/internal/http/key_handlers.go:62.30,65.4 2 0
github.com/cole/secure-messenger-server/internal/http/key_handlers.go:67.3,71.5 2 0
github.com/cole/secure-messenger-server/internal/http/message_handlers.go:47.102,49.16 2 0
github.com/cole/secure-messenger-server/internal/http/message_handlers.go:49.16,51.3 1 0
github.com/cole/secure-messenger-server/internal/http/message_handlers.go:52.2,52.64 1 0
github.com/cole/secure-messenger-server/internal/http/message_handlers.go:55.48,56.74 1 0
github.com/cole/secure-messenger-server/internal/http/message_handlers.go:56.74,58.3 1 0
github.com/cole/secure-messenger-server/internal/http/message_handlers.go:59.2,59.47 1 0
github.com/cole/secure-messenger-server/internal/http/message_handlers.go:59.47,61.3 1 0
github.com/cole/secure-messenger-server/internal/http/message_handlers.go:62.2,62.33 1 0
github.com/cole/secure-messenger-server/internal/http/message_handlers.go:62.33,64.3 1 0
github.com/cole/secure-messenger-server/internal/http/message_handlers.go:65.2,65.34 1 0
github.com/cole/secure-messenger-server/internal/http/message_handlers.go:65.34,67.3 1 0
github.com/cole/secure-messenger-server/internal/http/message_handlers.go:68.2,68.31 1 0
github.com/cole/secure-messenger-server/internal/http/message_handlers.go:68.31,70.3 1 0
github.com/cole/secure-messenger-server/internal/http/message_handlers.go:71.2,71.11 1 0
github.com/cole/secure-messenger-server/internal/http/message_handlers.go:79.9,84.6 4 0
github.com/cole/secure-messenger-server/internal/http/message_handlers.go:84.6,85.10 1 0
github.com/cole/secure-messenger-server/internal/http/message_handlers.go:86.21,87.14 1 0
github.com/cole/secure-messenger-server/internal/http/message_handlers.go:88.24,89.11 1 0
github.com/cole/secure-messenger-server/internal/http/message_handlers.go:89.11,91.5 1 0
github.com/cole/secure-messenger-server/internal/http/message_handlers.go:92.4,93.67 2 0
github.com/cole/secure-messenger-server/internal/http/message_handlers.go:93.67,95.13 2 0
github.com/cole/secure-messenger-server/internal/http/message_handlers.go:98.4,99.18 2 0
github.com/cole/secure-messenger-server/internal/http/message_handlers.go:99.18,101.13 2 0
github.com/cole/secure-messenger-server/internal/http/message_handlers.go:104.4,105.55 2 0
github.com/cole/secure-messenger-server/internal/http/message_handlers.go:119.20,120.54 1 0
github.com/cole/secure-messenger-server/internal/http/message_handlers.go:120.54,121.34 1 0
github.com/cole/secure-messenger-server/internal/http/message_handlers.go:121.34,124.4 2 0
github.com/cole/secure-messenger-server/internal/http/message_handlers.go:126.3,127.25 2 0
github.com/cole/secure-messenger-server/internal/http/message_handlers.go:127.25,130.4 2 0
github.com/cole/secure-messenger-server/internal/http/message_handlers.go:132.3,133.62 2 0
github.com/cole/secure-messenger-server/internal/http/message_handlers.go:133.62,136.4 2 0
github.com/cole/secure-messenger-server/internal/http/message_handlers.go:137.3,137.39 1 0
github.com/cole/secure-messenger-server/internal/http/message_handlers.go:137.39,140.4 2 0
github.com/cole/secure-messenger-server/internal/http/message_handlers.go:142.3,143.37 2 0
github.com/cole/secure-messenger-server/internal/http/message_handlers.go:143.37,146.4 2 0
github.com/cole/secure-messenger-server/internal/http/message_handlers.go:148.3,158.17 4 0
github.com/cole/secure-messenger-server/internal/http/message_handlers.go:158.17,162.4 3 0
github.com/cole/secure-messenger-server/internal/http/message_handlers.go:164.3,164.15 1 0
github.com/cole/secure-messenger-server/internal/http/message_handlers.go:164.15,166.4 1 0
github.com/cole/secure-messenger-server/internal/http/message_handlers.go:166.9,168.4 1 0
github.com/cole/secure-messenger-server/internal/http/message_handlers.go:170.3,171.15 2 0
github.com/cole/secure-messenger-server/internal/http/message_handlers.go:171.15,173.4 1 0
github.com/cole/secure-messenger-server/internal/http/message_handlers.go:173.9,175.4 1 0
github.com/cole/secure-messenger-server/internal/http/message_handlers.go:176.3,176.58 1 0
github.com/cole/secure-messenger-server/internal/http/message_handlers.go:176.58,179.4 2 0
github.com/cole/secure-messenger-server/internal/http/message_handlers.go:181.3,188.35 2 0
github.com/cole/secure-messenger-server/internal/http/message_handlers.go:188.35,192.67 3 0
github.com/cole/secure-messenger-server/internal/http/message_handlers.go:192.67,195.5 2 0
github.com/cole/secure-messenger-server/internal/http/message_handlers.go:208.101,209.54 1 0
github.com/cole/secure-messenger-server/internal/http/message_handlers.go:209.54,211.25 2 0
github.com/cole/secure-messenger-server/internal/http/message_handlers.go:211.25,214.4 2 0
github.com/cole/secure-messenger-server/internal/http/message_handlers.go:216.3,217.17 2 0
github.com/cole/secure-messenger-server/internal/http/message_handlers.go:217.17,220.4 2 0
github.com/cole/secure-messenger-server/internal/http/message_handlers.go:222.3,224.21 3 0
github.com/cole/secure-messenger-server/internal/http/message_handlers.go:224.21,225.64 1 0
github.com/cole/secure-messenger-server/internal/http/message_handlers.go:225.64,227.5 1 0
github.com/cole/secure-messenger-server/internal/http/message_handlers.go:230.3,231.36 2 0
github.com/cole/secure-messenger-server/internal/http/message_handlers.go:231.36,234.4 2 0
github.com/cole/secure-messenger-server/internal/http/message_handlers.go:236.3,239.17 4 0
github.com/cole/secure-messenger-server/internal/http/message_handlers.go:239.17,243.4 3 0
github.com/cole/secure-messenger-server/internal/http/message_handlers.go:245.3,248.89 3 0
github.com/cole/secure-messenger-server/internal/http/message_handlers.go:248.89,250.4 1 0
github.com/cole/secure-messenger-server/internal/http/middleware.go:20.73,21.46 1 0
github.com/cole/secure-messenger-server/internal/http/middleware.go:21.46,22.72 1 0
github.com/cole/secure-messenger-server/internal/http/middleware.go:22.72,24.24 2 0
github.com/cole/secure-messenger-server/internal/http/middleware.go:24.24,27.5 2 0
github.com/cole/secure-messenger-server/internal/http/middleware.go:29.4,30.65 2 0
github.com/cole/secure-messenger-server/internal/http/middleware.go:30.65,33.5 2 0
github.com/cole/secure-messenger-server/internal/http/middleware.go:35.4,36.18 2 0
github.com/cole/secure-messenger-server/internal/http/middleware.go:36.18,39.5 2 0
github.com/cole/secure-messenger-server/internal/http/middleware.go:41.4,47.41 3 0
github.com/cole/secure-messenger-server/internal/http/middleware.go:53.45,54.54 1 1
github.com/cole/secure-messenger-server/internal/http/middleware.go:54.54,55.33 1 1
github.com/cole/secure-messenger-server/internal/http/middleware.go:55.33,57.4 1 1
github.com/cole/secure-messenger-server/internal/http/middleware.go:59.2,59.12 1 1
github.com/cole/secure-messenger-server/internal/http/middleware_cors.go:8.78,10.35 2 1
github.com/cole/secure-messenger-server/internal/http/middleware_cors.go:10.35,12.14 2 1
github.com/cole/secure-messenger-server/internal/http/middleware_cors.go:12.14,13.12 1 0
github.com/cole/secure-messenger-server/internal/http/middleware_cors.go:15.3,15.28 1 1
github.com/cole/secure-messenger-server/internal/http/middleware_cors.go:18.2,18.46 1 1
github.com/cole/secure-messenger-server/internal/http/middleware_cors.go:18.46,19.72 1 1
github.com/cole/secure-messenger-server/internal/http/middleware_cors.go:19.72,22.20 2 1
github.com/cole/secure-messenger-server/internal/http/middleware_cors.go:22.20,23.39 1 1
github.com/cole/secure-messenger-server/internal/http/middleware_cors.go:23.39,28.6 4 1
github.com/cole/secure-messenger-server/internal/http/middleware_cors.go:28.11,28.46 1 1
github.com/cole/secure-messenger-server/internal/http/middleware_cors.go:28.46,31.6 2 0
github.com/cole/secure-messenger-server/internal/http/middleware_cors.go:34.4,34.38 1 1
github.com/cole/secure-messenger-server/internal/http/middleware_cors.go:34.38,37.5 2 0
github.com/cole/secure-messenger-server/internal/http/middleware_cors.go:39.4,39.24 1 1
github.com/cole/secure-messenger-server/internal/http/middleware_login_ratelimit.go:7.80,8.46 1 1
github.com/cole/secure-messenger-server/internal/http/middleware_login_ratelimit.go:8.46,9.72 1 1
github.com/cole/secure-messenger-server/internal/http/middleware_login_ratelimit.go:9.72,11.28 2 1
github.com/cole/secure-messenger-server/internal/http/middleware_login_ratelimit.go:11.28,15.5 3 1
github.com/cole/secure-messenger-server/internal/http/middleware_login_ratelimit.go:16.4,16.24 1 1
github.com/cole/secure-messenger-server/internal/http/middleware_user_ratelimit.go:8.82,9.46 1 1
github.com/cole/secure-messenger-server/internal/http/middleware_user_ratelimit.go:9.46,10.72 1 1
github.com/cole/secure-messenger-server/internal/http/middleware_user_ratelimit.go:10.72,12.16 2 1
github.com/cole/secure-messenger-server/internal/http/middleware_user_ratelimit.go:12.16,16.5 2 1
github.com/cole/secure-messenger-server/internal/http/middleware_user_ratelimit.go:18.4,19.31 2 1
github.com/cole/secure-messenger-server/internal/http/middleware_user_ratelimit.go:19.31,23.5 3 1
github.com/cole/secure-messenger-server/internal/http/middleware_user_ratelimit.go:25.4,25.24 1 1
github.com/cole/secure-messenger-server/internal/http/observability_middleware.go:21.48,22.71 1 0
github.com/cole/secure-messenger-server/internal/http/observability_middleware.go:22.71,24.16 2 0
github.com/cole/secure-messenger-server/internal/http/observability_middleware.go:24.16,26.4 1 0
github.com/cole/secure-messenger-server/internal/http/observability_middleware.go:27.3,29.40 3 0
github.com/cole/secure-messenger-server/internal/http/observability_middleware.go:33.43,34.52 1 0
github.com/cole/secure-messenger-server/internal/http/observability_middleware.go:34.52,35.30 1 0
github.com/cole/secure-messenger-server/internal/http/observability_middleware.go:35.30,37.4 1 0
github.com/cole/secure-messenger-server/internal/http/observability_middleware.go:39.2,39.11 1 0
github.com/cole/secure-messenger-server/internal/http/observability_middleware.go:48.47,52.2 3 0
github.com/cole/secure-messenger-server/internal/http/observability_middleware.go:54.54,55.15 1 0
github.com/cole/secure-messenger-server/internal/http/observability_middleware.go:55.15,57.3 1 0
github.com/cole/secure-messenger-server/internal/http/observability_middleware.go:58.2,58.35 1 0
github.com/cole/secure-messenger-server/internal/http/observability_middleware.go:61.71,63.9 2 0
github.com/cole/secure-messenger-server/internal/http/observability_middleware.go:63.9,65.3 1 0
github.com/cole/secure-messenger-server/internal/http/observability_middleware.go:66.2,66.19 1 0
github.com/cole/secure-messenger-server/internal/http/observability_middleware.go:69.33,70.51 1 0
github.com/cole/secure-messenger-server/internal/http/observability_middleware.go:70.51,72.3 1 0
github.com/cole/secure-messenger-server/internal/http/observability_middleware.go:75.75,76.50 1 0
github.com/cole/secure-messenger-server/internal/http/observability_middleware.go:76.50,78.3 1 0
github.com/cole/secure-messenger-server/internal/http/observability_middleware.go:79.2,79.29 1 0
github.com/cole/secure-messenger-server/internal/http/observability_middleware.go:82.54,84.2 1 0
github.com/cole/secure-messenger-server/internal/http/observability_middleware.go:161.24,174.2 1 0
github.com/cole/secure-messenger-server/internal/http/observability_middleware.go:179.56,181.2 1 0
github.com/cole/secure-messenger-server/internal/http/observability_middleware.go:183.44,184.42 1 0
github.com/cole/secure-messenger-server/internal/http/observability_middleware.go:184.42,185.64 1 0
github.com/cole/secure-messenger-server/internal/http/observability_middleware.go:185.64,187.4 1 0
github.com/cole/secure-messenger-server/internal/http/observability_middleware.go:189.2,189.18 1 0
github.com/cole/secure-messenger-server/internal/http/observability_middleware.go:192.75,193.71 1 0
github.com/cole/secure-messenger-server/internal/http/observability_middleware.go:193.71,206.46 9 0
github.com/cole/secure-messenger-server/internal/http/observability_middleware.go:206.46,208.4 1 0
github.com/cole/secure-messenger-server/internal/http/observability_middleware.go:210.3,218.4 1 0
github.com/cole/secure-messenger-server/internal/http/ratelimit.go:23.80,30.2 1 1
github.com/cole/secure-messenger-server/internal/http/ratelimit.go:32.48,38.29 4 1
github.com/cole/secure-messenger-server/internal/http/ratelimit.go:38.29,39.31 1 1
github.com/cole/secure-messenger-server/internal/http/ratelimit.go:39.31,41.4 1 0
github.com/cole/secure-messenger-server/internal/http/ratelimit.go:44.2,45.9 2 1
github.com/cole/secure-messenger-server/internal/http/ratelimit.go:45.9,48.3 2 1
github.com/cole/secure-messenger-server/internal/http/ratelimit.go:49.2,50.22 2 1
github.com/cole/secure-messenger-server/internal/http/router.go:26.16,32.45 4 0
github.com/cole/secure-messenger-server/internal/http/router.go:32.45,32.86 1 0
github.com/cole/secure-messenger-server/internal/http/router.go:33.2,117.10 29 0
github.com/cole/secure-messenger-server/internal/http/ws.go:69.28,69.77 1 0
github.com/cole/secure-messenger-server/internal/http/ws.go:70.55,71.25 1 0
github.com/cole/secure-messenger-server/internal/http/ws.go:71.25,73.3 1 0
github.com/cole/secure-messenger-server/internal/http/ws.go:76.2,76.9 1 0
github.com/cole/secure-messenger-server/internal/http/ws.go:76.9,77.16 1 0
github.com/cole/secure-messenger-server/internal/http/ws.go:77.16,77.33 1 0
github.com/cole/secure-messenger-server/internal/http/ws.go:78.3,78.16 1 0
github.com/cole/secure-messenger-server/internal/http/ws.go:81.2,81.19 1 0
github.com/cole/secure-messenger-server/internal/http/ws.go:81.19,89.3 3 0
github.com/cole/secure-messenger-server/internal/http/ws.go:102.20,108.2 1 0
github.com/cole/secure-messenger-server/internal/http/ws.go:110.84,115.16 4 0
github.com/cole/secure-messenger-server/internal/http/ws.go:115.16,118.3 2 0
github.com/cole/secure-messenger-server/internal/http/ws.go:119.2,126.38 5 0
github.com/cole/secure-messenger-server/internal/http/ws.go:126.38,127.15 1 0
github.com/cole/secure-messenger-server/internal/http/ws.go:127.15,128.12 1 0
github.com/cole/secure-messenger-server/internal/http/ws.go:130.3,137.5 2 0
github.com/cole/secure-messenger-server/internal/http/ws.go:140.2,141.31 2 0
github.com/cole/secure-messenger-server/internal/http/ws.go:144.62,149.16 4 0
github.com/cole/secure-messenger-server/internal/http/ws.go:149.16,151.3 1 0
github.com/cole/secure-messenger-server/internal/http/ws.go:153.2,154.19 2 0
github.com/cole/secure-messenger-server/internal/http/ws.go:154.19,156.3 1 0
github.com/cole/secure-messenger-server/internal/http/ws.go:158.2,159.15 2 0
github.com/cole/secure-messenger-server/internal/http/ws.go:159.15,163.3 3 0
github.com/cole/secure-messenger-server/internal/http/ws.go:165.2,166.14 2 0
github.com/cole/secure-messenger-server/internal/http/ws.go:169.36,171.16 2 0
github.com/cole/secure-messenger-server/internal/http/ws.go:171.16,173.3 1 0
github.com/cole/secure-messenger-server/internal/http/ws.go:176.2,178.38 3 0
github.com/cole/secure-messenger-server/internal/http/ws.go:178.38,179.22 1 0
github.com/cole/secure-messenger-server/internal/http/ws.go:179.22,181.4 1 0
github.com/cole/secure-messenger-server/internal/http/ws.go:183.2,185.28 2 0
github.com/cole/secure-messenger-server/internal/http/ws.go:185.28,187.3 1 0
github.com/cole/secure-messenger-server/internal/http/ws.go:190.47,192.16 2 0
github.com/cole/secure-messenger-server/internal/http/ws.go:192.16,194.3 1 0
github.com/cole/secure-messenger-server/internal/http/ws.go:196.2,200.21 4 0
github.com/cole/secure-messenger-server/internal/http/ws.go:200.21,202.3 1 0
github.com/cole/secure-messenger-server/internal/http/ws.go:203.2,205.28 2 0
github.com/cole/secure-messenger-server/internal/http/ws.go:205.28,207.3 1 0
github.com/cole/secure-messenger-server/internal/http/ws.go:210.39,213.38 3 0
github.com/cole/secure-messenger-server/internal/http/ws.go:213.38,214.22 1 0
github.com/cole/secure-messenger-server/internal/http/ws.go:214.22,216.4 1 0
github.com/cole/secure-messenger-server/internal/http/ws.go:218.2,220.28 2 0
github.com/cole/secure-messenger-server/internal/http/ws.go:220.28,222.3 1 0
github.com/cole/secure-messenger-server/internal/http/ws.go:227.47,228.21 1 0
github.com/cole/secure-messenger-server/internal/http/ws.go:228.21,230.3 1 0
github.com/cole/secure-messenger-server/internal/http/ws.go:231.2,231.9 1 0
github.com/cole/secure-messenger-server/internal/http/ws.go:232.21,232.21 0 0
github.com/cole/secure-messenger-server/internal/http/ws.go:233.10,234.63 1 0
github.com/cole/secure-messenger-server/internal/http/ws.go:241.74,243.35 2 0
github.com/cole/secure-messenger-server/internal/http/ws.go:243.35,245.14 2 0
github.com/cole/secure-messenger-server/internal/http/ws.go:245.14,246.12 1 0
github.com/cole/secure-messenger-server/internal/http/ws.go:248.3,248.24 1 0
github.com/cole/secure-messenger-server/internal/http/ws.go:251.2,252.43 1 0
github.com/cole/secure-messenger-server/internal/http/ws.go:252.43,256.20 2 0
github.com/cole/secure-messenger-server/internal/http/ws.go:256.20,258.5 1 0
github.com/cole/secure-messenger-server/internal/http/ws.go:260.4,261.13 2 0
github.com/cole/secure-messenger-server/internal/http/ws.go:273.20,274.54 1 0
github.com/cole/secure-messenger-server/internal/http/ws.go:274.54,281.22 5 0
github.com/cole/secure-messenger-server/internal/http/ws.go:281.22,284.4 2 0
github.com/cole/secure-messenger-server/internal/http/ws.go:285.3,288.17 3 0
github.com/cole/secure-messenger-server/internal/http/ws.go:288.17,291.4 2 0
github.com/cole/secure-messenger-server/internal/http/ws.go:292.3,303.42 5 0
github.com/cole/secure-messenger-server/internal/http/ws.go:303.42,306.4 2 0
github.com/cole/secure-messenger-server/internal/http/ws.go:308.3,310.35 2 0
github.com/cole/secure-messenger-server/internal/http/ws.go:310.35,312.18 2 0
github.com/cole/secure-messenger-server/internal/http/ws.go:312.18,313.32 1 0
github.com/cole/secure-messenger-server/internal/http/ws.go:313.32,315.6 1 0
github.com/cole/secure-messenger-server/internal/http/ws.go:319.3,321.32 2 0
github.com/cole/secure-messenger-server/internal/http/ws.go:321.32,324.4 2 0
github.com/cole/secure-messenger-server/internal/http/ws.go:326.3,326.19 1 0
github.com/cole/secure-messenger-server/internal/http/ws.go:326.19,333.4 1 0
github.com/cole/secure-messenger-server/internal/http/ws.go:335.3,341.55 6 0
github.com/cole/secure-messenger-server/internal/http/ws.go:345.78,348.15 3 0
github.com/cole/secure-messenger-server/internal/http/ws.go:348.15,351.3 2 0
github.com/cole/secure-messenger-server/internal/http/ws.go:353.2,356.6 3 0
github.com/cole/secure-messenger-server/internal/http/ws.go:356.6,357.10 1 0
github.com/cole/secure-messenger-server/internal/http/ws.go:358.21,361.8 2 0
github.com/cole/secure-messenger-server/internal/http/ws.go:361.8,362.12 1 0
github.com/cole/secure-messenger-server/internal/http/ws.go:363.30,364.13 1 0
github.com/cole/secure-messenger-server/internal/http/ws.go:364.13,366.7 1 0
github.com/cole/secure-messenger-server/internal/http/ws.go:367.6,368.76 2 0
github.com/cole/secure-messenger-server/internal/http/ws.go:368.76,370.7 1 0
github.com/cole/secure-messenger-server/internal/http/ws.go:371.13,372.12 1 0
github.com/cole/secure-messenger-server/internal/http/ws.go:376.28,378.11 2 0
github.com/cole/secure-messenger-server/internal/http/ws.go:378.11,380.5 1 0
github.com/cole/secure-messenger-server/internal/http/ws.go:381.4,381.74 1 0
github.com/cole/secure-messenger-server/internal/http/ws.go:381.74,384.5 2 0
github.com/cole/secure-messenger-server/internal/http/ws.go:385.4,385.74 1 0
github.com/cole/secure-messenger-server/internal/http/ws.go:385.74,388.5 2 0
github.com/cole/secure-messenger-server/internal/http/ws.go:390.19,392.74 2 0
github.com/cole/secure-messenger-server/internal/http/ws.go:392.74,395.5 2 0
github.com/cole/secure-messenger-server/internal/http/ws.go:400.115,406.15 4 0
github.com/cole/secure-messenger-server/internal/http/ws.go:406.15,409.20 3 0
github.com/cole/secure-messenger-server/internal/http/ws.go:409.20,416.4 1 0
github.com/cole/secure-messenger-server/internal/http/ws.go:417.3,419.59 3 0
github.com/cole/secure-messenger-server/internal/http/ws.go:422.2,422.6 1 0
github.com/cole/secure-messenger-server/internal/http/ws.go:422.6,423.10 1 0
github.com/cole/secure-messenger-server/internal/http/ws.go:424.21,425.10 1 0
github.com/cole/secure-messenger-server/internal/http/ws.go:426.11,426.11 0 0
github.com/cole/secure-messenger-server/internal/http/ws.go:429.3,429.23 1 0
github.com/cole/secure-messenger-server/internal/http/ws.go:429.23,434.4 4 0
github.com/cole/secure-messenger-server/internal/http/ws.go:436.3,437.17 2 0
github.com/cole/secure-messenger-server/internal/http/ws.go:437.17,438.49 1 0
github.com/cole/secure-messenger-server/internal/http/ws.go:438.49,441.5 2 0
github.com/cole/secure-messenger-server/internal/http/ws.go:442.4,442.53 1 0
github.com/cole/secure-messenger-server/internal/http/ws.go:442.53,445.5 2 0
github.com/cole/secure-messenger-server/internal/http/ws.go:446.4,447.10 2 0
github.com/cole/secure-messenger-server/internal/http/ws.go:450.3,450.34 1 0
github.com/cole/secure-messenger-server/internal/http/ws.go:450.34,452.12 2 0
github.com/cole/secure-messenger-server/internal/http/ws.go:455.3,458.53 2 0
github.com/cole/secure-messenger-server/internal/http/ws.go:458.53,460.12 2 0
github.com/cole/secure-messenger-server/internal/http/ws.go:463.3,465.20 2 0
github.com/cole/secure-messenger-server/internal/http/ws.go:466.17,468.52 2 0
github.com/cole/secure-messenger-server/internal/http/ws.go:468.52,470.13 2 0
github.com/cole/secure-messenger-server/internal/http/ws.go:473.4,474.18 2 0
github.com/cole/secure-messenger-server/internal/http/ws.go:474.18,475.46 1 0
github.com/cole/secure-messenger-server/internal/http/ws.go:475.46,477.14 2 0
github.com/cole/secure-messenger-server/internal/http/ws.go:479.5,480.13 2 0
github.com/cole/secure-messenger-server/internal/http/ws.go:483.4,483.77 1 0
github.com/cole/secure-messenger-server/internal/http/ws.go:485.11,486.87 1 0
github.com/cole/secure-messenger-server/internal/http/ws.go:493.67,499.2 2 0
github.com/cole/secure-messenger-server/internal/http/ws.go:501.103,508.2 1 0
github.com/cole/secure-messenger-server/internal/http/ws_auth_middleware.go:12.94,13.46 1 0
github.com/cole/secure-messenger-server/internal/http/ws_auth_middleware.go:13.46,14.72 1 0
github.com/cole/secure-messenger-server/internal/http/ws_auth_middleware.go:14.72,18.59 2 0
github.com/cole/secure-messenger-server/internal/http/ws_auth_middleware.go:18.59,21.19 3 0
github.com/cole/secure-messenger-server/internal/http/ws_auth_middleware.go:21.19,23.25 2 0
github.com/cole/secure-messenger-server/internal/http/ws_auth_middleware.go:23.25,25.21 2 0
github.com/cole/secure-messenger-server/internal/http/ws_auth_middleware.go:25.21,27.8 1 0
github.com/cole/secure-messenger-server/internal/http/ws_auth_middleware.go:33.4,33.19 1 0
github.com/cole/secure-messenger-server/internal/http/ws_auth_middleware.go:33.19,35.25 2 0
github.com/cole/secure-messenger-server/internal/http/ws_auth_middleware.go:35.25,37.66 2 0
github.com/cole/secure-messenger-server/internal/http/ws_auth_middleware.go:37.66,38.60 1 0
github.com/cole/secure-messenger-server/internal/http/ws_auth_middleware.go:38.60,40.8 1 0
github.com/cole/secure-messenger-server/internal/http/ws_auth_middleware.go:45.4,45.19 1 0
github.com/cole/secure-messenger-server/internal/http/ws_auth_middleware.go:45.19,48.5 2 0
github.com/cole/secure-messenger-server/internal/http/ws_auth_middleware.go:50.4,51.41 2 0
github.com/cole/secure-messenger-server/internal/http/ws_ticket.go:18.39,20.40 2 0
github.com/cole/secure-messenger-server/internal/http/ws_ticket.go:20.40,22.3 1 0
github.com/cole/secure-messenger-server/internal/http/ws_ticket.go:23.2,23.35 1 0
github.com/cole/secure-messenger-server/internal/http/ws_ticket.go:26.58,27.54 1 0
github.com/cole/secure-messenger-server/internal/http/ws_ticket.go:27.54,29.18 2 0
github.com/cole/secure-messenger-server/internal/http/ws_ticket.go:29.18,32.4 2 0
github.com/cole/secure-messenger-server/internal/http/ws_ticket.go:34.3,35.17 2 0
github.com/cole/secure-messenger-server/internal/http/ws_ticket.go:35.17,38.4 2 0
github.com/cole/secure-messenger-server/internal/http/ws_ticket.go:41.3,42.98 2 0
github.com/cole/secure-messenger-server/internal/http/ws_ticket.go:42.98,45.4 2 0
github.com/cole/secure-messenger-server/internal/http/ws_ticket.go:47.3,48.65 2 0
github.com/cole/secure-messenger-server/cmd/server/main.go:20.45,21.13 1 0
github.com/cole/secure-messenger-server/cmd/server/main.go:21.13,23.3 1 0
github.com/cole/secure-messenger-server/cmd/server/main.go:24.2,26.26 3 0
github.com/cole/secure-messenger-server/cmd/server/main.go:26.26,28.14 2 0
github.com/cole/secure-messenger-server/cmd/server/main.go:28.14,29.12 1 0
github.com/cole/secure-messenger-server/cmd/server/main.go:31.3,31.23 1 0
github.com/cole/secure-messenger-server/cmd/server/main.go:33.2,33.12 1 0
github.com/cole/secure-messenger-server/cmd/server/main.go:38.19,40.16 2 0
github.com/cole/secure-messenger-server/cmd/server/main.go:40.16,41.13 1 0
github.com/cole/secure-messenger-server/cmd/server/main.go:43.2,43.12 1 0
github.com/cole/secure-messenger-server/cmd/server/main.go:46.13,52.15 4 0
github.com/cole/secure-messenger-server/cmd/server/main.go:52.15,54.3 1 0
github.com/cole/secure-messenger-server/cmd/server/main.go:56.2,57.16 2 0
github.com/cole/secure-messenger-server/cmd/server/main.go:57.16,59.3 1 0
github.com/cole/secure-messenger-server/cmd/server/main.go:61.2,62.38 2 0
github.com/cole/secure-messenger-server/cmd/server/main.go:62.38,64.3 1 0
github.com/cole/secure-messenger-server/cmd/server/main.go:65.2,65.38 1 0
github.com/cole/secure-messenger-server/cmd/server/main.go:65.38,67.3 1 0
github.com/cole/secure-messenger-server/cmd/server/main.go:70.2,71.47 2 0
github.com/cole/secure-messenger-server/cmd/server/main.go:71.47,73.3 1 0
github.com/cole/secure-messenger-server/cmd/server/main.go:74.2,78.21 3 0
github.com/cole/secure-messenger-server/cmd/server/main.go:78.21,80.3 1 0
github.com/cole/secure-messenger-server/cmd/server/main.go:82.2,89.19 2 0
github.com/cole/secure-messenger-server/cmd/server/main.go:89.19,92.3 2 0
github.com/cole/secure-messenger-server/cmd/server/main.go:94.2,99.49 5 0
github.com/cole/secure-messenger-server/cmd/server/main.go:99.49,101.3 1 0
github.com/cole/secure-messenger-server/cmd/server/main.go:102.2,114.12 9 0
github.com/cole/secure-messenger-server/cmd/server/main.go:114.12,115.7 1 0
github.com/cole/secure-messenger-server/cmd/server/main.go:115.7,116.11 1 0
github.com/cole/secure-messenger-server/cmd/server/main.go:117.32,118.11 1 0
github.com/cole/secure-messenger-server/cmd/server/main.go:119.12,119.12 0 0
github.com/cole/secure-messenger-server/cmd/server/main.go:121.4,121.99 1 0
github.com/cole/secure-messenger-server/cmd/server/main.go:121.99,123.5 1 0
github.com/cole/secure-messenger-server/cmd/server/main.go:124.4,124.11 1 0
github.com/cole/secure-messenger-server/cmd/server/main.go:125.32,126.11 1 0
github.com/cole/secure-messenger-server/cmd/server/main.go:127.39,127.39 0 0
github.com/cole/secure-messenger-server/cmd/server/main.go:133.2,135.47 2 0
github.com/cole/secure-messenger-server/cmd/server/main.go:135.47,137.3 1 0
github.com/cole/secure-messenger-server/cmd/server/main.go:139.2,157.12 3 0
github.com/cole/secure-messenger-server/cmd/server/main.go:157.12,159.77 2 0
github.com/cole/secure-messenger-server/cmd/server/main.go:159.77,161.4 1 0
github.com/cole/secure-messenger-server/cmd/server/main.go:165.2,174.42 8 0
github.com/cole/secure-messenger-server/cmd/server/main.go:174.42,176.3 1 0
github.com/cole/secure-messenger-server/cmd/server/main.go:176.8,178.3 1 0
github.com/cole/secure-messenger-server/internal/store/db.go:11.25,13.15 2 0
github.com/cole/secure-messenger-server/internal/store/db.go:13.15,15.3 1 0
github.com/cole/secure-messenger-server/internal/store/db.go:16.2,17.16 2 0
github.com/cole/secure-messenger-server/internal/store/db.go:17.16,19.3 1 0
github.com/cole/secure-messenger-server/internal/store/db.go:20.2,23.34 4 0
github.com/cole/secure-messenger-server/internal/store/db.go:23.34,25.3 1 0
github.com/cole/secure-messenger-server/internal/store/db.go:26.2,26.11 1 0
github.com/cole/secure-messenger-server/internal/store/message_store.go:9.48,11.2 1 0
github.com/cole/secure-messenger-server/internal/store/message_store.go:14.111,24.114 4 0
github.com/cole/secure-messenger-server/internal/store/message_store.go:24.114,26.3 1 0
github.com/cole/secure-messenger-server/internal/store/message_store.go:27.2,28.16 2 0
github.com/cole/secure-messenger-server/internal/store/message_store.go:32.96,44.16 2 0
github.com/cole/secure-messenger-server/internal/store/message_store.go:44.16,46.3 1 0
github.com/cole/secure-messenger-server/internal/store/message_store.go:47.2,50.18 3 0
github.com/cole/secure-messenger-server/internal/store/message_store.go:50.18,53.116 3 0
github.com/cole/secure-messenger-server/internal/store/message_store.go:53.116,55.4 1 0
github.com/cole/secure-messenger-server/internal/store/message_store.go:56.3,57.25 2 0
github.com/cole/secure-messenger-server/internal/store/message_store.go:59.2,59.35 1 0
github.com/cole/secure-messenger-server/internal/store/message_store.go:59.35,61.3 1 0
github.com/cole/secure-messenger-server/internal/store/message_store.go:62.2,62.18 1 0
github.com/cole/secure-messenger-server/internal/store/message_store.go:66.43,67.13 1 0
github.com/cole/secure-messenger-server/internal/store/message_store.go:67.13,69.3 1 0
github.com/cole/secure-messenger-server/internal/store/message_store.go:70.2,70.10 1 0
github.com/cole/secure-messenger-server/internal/store/message_store.go:73.60,92.16 4 0
github.com/cole/secure-messenger-server/internal/store/message_store.go:92.16,94.3 1 0
github.com/cole/secure-messenger-server/internal/store/message_store.go:96.2,97.16 2 0
github.com/cole/secure-messenger-server/internal/store/message_store.go:104.27,136.16 5 0
github.com/cole/secure-messenger-server/internal/store/message_store.go:136.16,139.3 2 0
github.com/cole/secure-messenger-server/internal/store/message_store.go:141.2,141.26 1 0
github.com/cole/secure-messenger-server/internal/store/message_store.go:141.26,143.3 1 0
github.com/cole/secure-messenger-server/internal/store/message_store.go:145.2,162.16 4 0
github.com/cole/secure-messenger-server/internal/store/message_store.go:162.16,164.3 1 0
github.com/cole/secure-messenger-server/internal/store/message_store.go:166.2,167.23 2 0
github.com/cole/secure-messenger-server/internal/store/message_store.go:171.83,179.16 2 0
github.com/cole/secure-messenger-server/internal/store/message_store.go:179.16,181.3 1 0
github.com/cole/secure-messenger-server/internal/store/message_store.go:182.2,185.18 3 0
github.com/cole/secure-messenger-server/internal/store/message_store.go:185.18,188.116 3 0
github.com/cole/secure-messenger-server/internal/store/message_store.go:188.116,190.4 1 0
github.com/cole/secure-messenger-server/internal/store/message_store.go:191.3,192.25 2 0
github.com/cole/secure-messenger-server/internal/store/message_store.go:194.2,194.35 1 0
github.com/cole/secure-messenger-server/internal/store/message_store.go:194.35,196.3 1 0
github.com/cole/secure-messenger-server/internal/store/message_store.go:197.2,197.18 1 0
github.com/cole/secure-messenger-server/internal/store/schema.go:14.37,20.75 4 0
github.com/cole/secure-messenger-server/internal/store/schema.go:20.75,22.3 1 0
github.com/cole/secure-messenger-server/internal/store/schema.go:23.2,23.15 1 0
github.com/cole/secure-messenger-server/internal/store/schema.go:23.15,24.78 1 0
github.com/cole/secure-messenger-server/internal/store/schema.go:24.78,26.4 1 0
github.com/cole/secure-messenger-server/internal/store/schema.go:29.2,29.19 1 0
github.com/cole/secure-messenger-server/internal/store/schema.go:29.19,31.3 1 0
github.com/cole/secure-messenger-server/internal/store/schema.go:32.2,32.44 1 0
github.com/cole/secure-messenger-server/internal/store/schema.go:32.44,34.3 1 0
github.com/cole/secure-messenger-server/internal/store/schema.go:36.2,37.12 2 0
github.com/cole/secure-messenger-server/internal/store/user_store.go:30.42,32.2 1 0
github.com/cole/secure-messenger-server/internal/store/user_store.go:34.85,43.38 3 0
github.com/cole/secure-messenger-server/internal/store/user_store.go:43.38,45.3 1 0
github.com/cole/secure-messenger-server/internal/store/user_store.go:47.2,51.8 1 0
github.com/cole/secure-messenger-server/internal/store/user_store.go:54.53,56.2 1 0
github.com/cole/secure-messenger-server/internal/store/user_store.go:58.71,65.84 3 0
github.com/cole/secure-messenger-server/internal/store/user_store.go:65.84,66.27 1 0
github.com/cole/secure-messenger-server/internal/store/user_store.go:66.27,68.4 1 0
github.com/cole/secure-messenger-server/internal/store/user_store.go:69.3,69.18 1 0
github.com/cole/secure-messenger-server/internal/store/user_store.go:72.2,72.16 1 0
github.com/cole/secure-messenger-server/internal/store/user_store.go:75.50,79.16 2 0
github.com/cole/secure-messenger-server/internal/store/user_store.go:79.16,81.3 1 0
github.com/cole/secure-messenger-server/internal/store/user_store.go:82.2,85.18 3 0
github.com/cole/secure-messenger-server/internal/store/user_store.go:85.18,87.55 2 0
github.com/cole/secure-messenger-server/internal/store/user_store.go:87.55,89.4 1 0
github.com/cole/secure-messenger-server/internal/store/user_store.go:90.3,90.28 1 0
github.com/cole/secure-messenger-server/internal/store/user_store.go:93.2,93.35 1 0
github.com/cole/secure-messenger-server/internal/store/user_store.go:93.35,95.3 1 0
github.com/cole/secure-messenger-server/internal/store/user_store.go:97.2,97.19 1 0
github.com/cole/secure-messenger-server/internal/store/user_store.go:101.67,103.2 1 0
github.com/cole/secure-messenger-server/internal/store/user_store.go:109.69,115.2 2 0
github.com/cole/secure-messenger-server/internal/store/user_store.go:117.77,123.16 3 0
github.com/cole/secure-messenger-server/internal/store/user_store.go:123.16,124.27 1 0
github.com/cole/secure-messenger-server/internal/store/user_store.go:124.27,126.4 1 0
github.com/cole/secure-messenger-server/internal/store/user_store.go:127.3,127.17 1 0
github.com/cole/secure-messenger-server/internal/store/user_store.go:129.2,129.24 1 0
github.com/cole/secure-messenger-server/internal/store/user_store.go:136.69,142.26 3 0
github.com/cole/secure-messenger-server/internal/store/user_store.go:142.26,144.3 1 0
github.com/cole/secure-messenger-server/internal/store/user_store.go:145.2,145.17 1 0
github.com/cole/secure-messenger-server/internal/store/user_store.go:148.75,155.16 2 0
github.com/cole/secure-messenger-server/internal/store/user_store.go:155.16,157.3 1 0
github.com/cole/secure-messenger-server/internal/store/user_store.go:158.2,159.12 2 0
github.com/cole/secure-messenger-server/internal/store/user_store.go:159.12,161.3 1 0
github.com/cole/secure-messenger-server/internal/store/user_store.go:162.2,162.12 1 0
